<?xml version="1.0" encoding="UTF-8"?>
<testsuite xmlns:xsi="http://www.w3.org/2001/XMLSchema-instance" xsi:noNamespaceSchemaLocation="https://maven.apache.org/surefire/maven-surefire-plugin/xsd/surefire-test-report-3.0.xsd" version="3.0" name="com.bookingmx.reservations.repo.ReservationRepositoryTest" time="0.184" tests="4" errors="0" skipped="0" failures="0">
  <properties>
[...]
</properties>
  <testcase name="delete" classname="com.bookingmx.reservations.repo.ReservationRepositoryTest" time="0.055"/>
  <testcase name="findAll" classname="com.bookingmx.reservations.repo.ReservationRepositoryTest" time="0.006"/>
  <testcase name="findById" classname="com.bookingmx.reservations.repo.ReservationRepositoryTest" time="0.002"/>
  <testcase name="save" classname="com.bookingmx.reservations.repo.ReservationRepositoryTest" time="0.002"/>
</testsuite>