TN:
SF:js\api.js
FN:6,listReservations
FN:12,createReservation
FN:22,updateReservation
FN:32,cancelReservation
FNF:4
FNH:0
FNDA:0,listReservations
FNDA:0,createReservation
FNDA:0,updateReservation
FNDA:0,cancelReservation
DA:4,0
DA:7,0
DA:8,0
DA:9,0
DA:13,0
DA:18,0
DA:19,0
DA:23,0
DA:28,0
DA:29,0
DA:33,0
DA:34,0
DA:35,0
LF:13
LH:0
BRDA:8,0,0,0
BRDA:8,0,1,0
BRDA:18,1,0,0
BRDA:18,1,1,0
BRDA:18,2,0,0
BRDA:18,2,1,0
BRDA:28,3,0,0
BRDA:28,3,1,0
BRDA:28,4,0,0
BRDA:28,4,1,0
BRDA:34,5,0,0
BRDA:34,5,1,0
BRDA:34,6,0,0
BRDA:34,6,1,0
BRF:14
BRH:0
end_of_record
TN:
SF:js\graph.js
FN:5,(anonymous_0)
FN:9,(anonymous_1)
FN:14,(anonymous_2)
FN:21,(anonymous_3)
FN:28,validateGraphData
FN:41,buildGraph
FN:49,getNearbyCities
FN:54,(anonymous_7)
FN:55,(anonymous_8)
FN:56,(anonymous_9)
FNF:10
FNH:10
FNDA:5,(anonymous_0)
FNDA:8,(anonymous_1)
FNDA:3,(anonymous_2)
FNDA:2,(anonymous_3)
FNDA:5,validateGraphData
FNDA:4,buildGraph
FNDA:2,getNearbyCities
FNDA:2,(anonymous_7)
FNDA:1,(anonymous_8)
FNDA:2,(anonymous_9)
DA:6,5
DA:10,8
DA:11,5
DA:15,3
DA:16,3
DA:17,3
DA:18,3
DA:22,2
DA:23,2
DA:29,5
DA:30,4
DA:31,4
DA:32,8
DA:33,3
DA:34,3
DA:35,3
DA:36,2
DA:38,1
DA:42,4
DA:43,5
DA:44,1
DA:45,1
DA:50,2
DA:51,1
DA:52,1
DA:53,1
DA:54,2
DA:55,1
DA:56,2
DA:60,1
LF:30
LH:30
BRDA:10,0,0,3
BRDA:10,0,1,5
BRDA:10,1,0,8
BRDA:10,1,1,8
BRDA:11,2,0,5
BRDA:11,2,1,0
BRDA:15,3,0,0
BRDA:15,3,1,3
BRDA:15,4,0,3
BRDA:15,4,1,3
BRDA:16,5,0,0
BRDA:16,5,1,3
BRDA:16,6,0,3
BRDA:16,6,1,3
BRDA:22,7,0,0
BRDA:22,7,1,2
BRDA:29,8,0,1
BRDA:29,8,1,4
BRDA:29,9,0,5
BRDA:29,9,1,4
BRDA:31,10,0,0
BRDA:31,10,1,4
BRDA:32,11,0,1
BRDA:32,11,1,7
BRDA:32,12,0,8
BRDA:32,12,1,7
BRDA:34,13,0,3
BRDA:34,13,1,0
BRDA:35,14,0,1
BRDA:35,14,1,2
BRDA:35,15,0,3
BRDA:35,15,1,2
BRDA:36,16,0,1
BRDA:36,16,1,1
BRDA:36,17,0,2
BRDA:36,17,1,2
BRDA:49,18,0,1
BRDA:50,19,0,1
BRDA:50,19,1,1
BRDA:51,20,0,0
BRDA:51,20,1,1
BRDA:51,21,0,1
BRDA:51,21,1,1
BRF:43
BRH:36
end_of_record
